<?xml version="1.0" encoding="UTF-8"?>
<!-- Generated by org.testng.reporters.JUnitReportReporter -->
<testsuite hostname="JHANSI-PC" name="Actions.MouseActionsTest" tests="1" failures="0" timestamp="18 Dec 2018 08:20:22 GMT" time="9.898" errors="0">
  <testcase name="mouseAction" time="9.898" classname="Actions.MouseActionsTest"/>
</testsuite> <!-- Actions.MouseActionsTest -->
