<?xml version="1.0" encoding="UTF-8"?>
<!-- Generated by org.testng.reporters.JUnitReportReporter -->
<testsuite skipped="0" hostname="JHANSI-PC" name="Actions.MouseActionsTest" tests="1" failures="0" timestamp="07 May 2019 09:22:11 GMT" time="44.861" errors="0">
  <testcase name="mouseAction" time="44.861" classname="Actions.MouseActionsTest"/>
</testsuite> <!-- Actions.MouseActionsTest -->
